d:\27 03 2018\fyp-c00192781\finalyearproject\finalyearproject\debug\vc141.pdb
d:\27 03 2018\fyp-c00192781\finalyearproject\finalyearproject\debug\vc141.idb
d:\27 03 2018\fyp-c00192781\finalyearproject\finalyearproject\debug\main.obj
d:\fixinglpastar\fyp-c00192781\finalyearproject\finalyearproject\debug\vc141.pdb
d:\fixinglpastar\fyp-c00192781\finalyearproject\finalyearproject\debug\vc141.idb
d:\fixinglpastar\fyp-c00192781\finalyearproject\finalyearproject\debug\main.obj
d:\lpastar\fyp-c00192781\finalyearproject\finalyearproject\debug\vc141.pdb
d:\lpastar\fyp-c00192781\finalyearproject\finalyearproject\debug\vc141.idb
d:\lpastar\fyp-c00192781\finalyearproject\finalyearproject\debug\main.obj
d:\adstar\fyp-c00192781\finalyearproject\finalyearproject\debug\vc141.pdb
d:\adstar\fyp-c00192781\finalyearproject\finalyearproject\debug\vc141.idb
d:\adstar\fyp-c00192781\finalyearproject\finalyearproject\debug\main.obj
d:\finalyearprojectmaster 05 04 2018\fyp-c00192781\finalyearproject\finalyearproject\debug\vc141.pdb
d:\finalyearprojectmaster 05 04 2018\fyp-c00192781\finalyearproject\finalyearproject\debug\vc141.idb
d:\finalyearprojectmaster 05 04 2018\fyp-c00192781\finalyearproject\finalyearproject\debug\main.obj
d:\fyp 05 04 2018\master2\fyp-c00192781\finalyearproject\finalyearproject\debug\vc141.pdb
d:\fyp 05 04 2018\master2\fyp-c00192781\finalyearproject\finalyearproject\debug\vc141.idb
d:\fyp 05 04 2018\master2\fyp-c00192781\finalyearproject\finalyearproject\debug\main.obj
d:\fyp 05 04 2018\master3\fyp-c00192781\finalyearproject\finalyearproject\debug\vc141.pdb
d:\fyp 05 04 2018\master3\fyp-c00192781\finalyearproject\finalyearproject\debug\vc141.idb
d:\fyp 05 04 2018\master3\fyp-c00192781\finalyearproject\finalyearproject\debug\main.obj
d:\fyp 05 04 2018\master4\fyp-c00192781\finalyearproject\finalyearproject\debug\vc141.pdb
d:\fyp 05 04 2018\master4\fyp-c00192781\finalyearproject\finalyearproject\debug\vc141.idb
d:\fyp badass folder\fyp-c00192781\finalyearproject\finalyearproject\debug\vc141.pdb
d:\fyp badass folder\fyp-c00192781\finalyearproject\finalyearproject\debug\vc141.idb
d:\fyp badass folder\fyp-c00192781\finalyearproject\finalyearproject\debug\grapharc.obj
d:\fyp badass folder\fyp-c00192781\finalyearproject\finalyearproject\debug\main.obj
d:\27 03 2018\fyp-c00192781\finalyearproject\debug\finalyearproject.exe
d:\27 03 2018\fyp-c00192781\finalyearproject\debug\finalyearproject.ilk
d:\27 03 2018\fyp-c00192781\finalyearproject\debug\finalyearproject.pdb
d:\fixinglpastar\fyp-c00192781\finalyearproject\debug\finalyearproject.ilk
d:\fixinglpastar\fyp-c00192781\finalyearproject\debug\finalyearproject.exe
d:\fixinglpastar\fyp-c00192781\finalyearproject\debug\finalyearproject.pdb
d:\lpastar\fyp-c00192781\finalyearproject\debug\finalyearproject.exe
d:\lpastar\fyp-c00192781\finalyearproject\debug\finalyearproject.ilk
d:\lpastar\fyp-c00192781\finalyearproject\debug\finalyearproject.pdb
d:\adstar\fyp-c00192781\finalyearproject\debug\finalyearproject.exe
d:\adstar\fyp-c00192781\finalyearproject\debug\finalyearproject.ilk
d:\adstar\fyp-c00192781\finalyearproject\debug\finalyearproject.pdb
d:\finalyearprojectmaster 05 04 2018\fyp-c00192781\finalyearproject\debug\finalyearproject.ilk
d:\finalyearprojectmaster 05 04 2018\fyp-c00192781\finalyearproject\debug\finalyearproject.exe
d:\finalyearprojectmaster 05 04 2018\fyp-c00192781\finalyearproject\debug\finalyearproject.pdb
d:\fyp 05 04 2018\master2\fyp-c00192781\finalyearproject\debug\finalyearproject.ilk
d:\fyp 05 04 2018\master2\fyp-c00192781\finalyearproject\debug\finalyearproject.exe
d:\fyp 05 04 2018\master2\fyp-c00192781\finalyearproject\debug\finalyearproject.pdb
d:\fyp 05 04 2018\master3\fyp-c00192781\finalyearproject\debug\finalyearproject.ilk
d:\fyp 05 04 2018\master3\fyp-c00192781\finalyearproject\debug\finalyearproject.exe
d:\fyp 05 04 2018\master3\fyp-c00192781\finalyearproject\debug\finalyearproject.pdb
d:\fyp badass folder\fyp-c00192781\finalyearproject\debug\finalyearproject.pdb
d:\fyp badass folder\fyp-c00192781\finalyearproject\debug\finalyearproject.exe
d:\fyp badass folder\fyp-c00192781\finalyearproject\debug\finalyearproject.ilk
d:\fyp badass folder\fyp-c00192781\finalyearproject\finalyearproject\debug\finalyearproject.tlog\cl.command.1.tlog
d:\fyp badass folder\fyp-c00192781\finalyearproject\finalyearproject\debug\finalyearproject.tlog\cl.read.1.tlog
d:\fyp badass folder\fyp-c00192781\finalyearproject\finalyearproject\debug\finalyearproject.tlog\cl.write.1.tlog
d:\fyp badass folder\fyp-c00192781\finalyearproject\finalyearproject\debug\finalyearproject.tlog\link.command.1.tlog
d:\fyp badass folder\fyp-c00192781\finalyearproject\finalyearproject\debug\finalyearproject.tlog\link.read.1.tlog
d:\fyp badass folder\fyp-c00192781\finalyearproject\finalyearproject\debug\finalyearproject.tlog\link.write.1.tlog
